Using pre-set license
Built from '2020.3/staging' branch; Version is '2020.3.33f1 (915a7af8b0d5) revision 9525882'; Using compiler version '192528614'; Build Type 'Release'
OS: 'Windows 10  (10.0.19043) 64bit Professional' Language: 'es' Physical Memory: 8175 MB
BatchMode: 1, IsHumanControllingUs: 0, StartBugReporterOnCrash: 0, Is64bit: 1, IsPro: 0

COMMAND LINE ARGUMENTS:
G:\Unity Editor\2020.3.33f1\Editor\Unity.exe
-adb2
-batchMode
-noUpm
-name
AssetImportWorker0
-projectPath
C:/Users/alanm/Documents/GitHub/proyectoVaca
-logFile
Logs/AssetImportWorker0.log
-srvPort
64900
Successfully changed project path to: C:/Users/alanm/Documents/GitHub/proyectoVaca
C:/Users/alanm/Documents/GitHub/proyectoVaca
Using Asset Import Pipeline V2.
Refreshing native plugins compatible for Editor in 90.53 ms, found 2 plugins.
Preloading 0 native plugins for Editor in 0.00 ms.
Initialize engine version: 2020.3.33f1 (915a7af8b0d5)
[Subsystems] Discovering subsystems at path G:/Unity Editor/2020.3.33f1/Editor/Data/Resources/UnitySubsystems
[Subsystems] Discovering subsystems at path C:/Users/alanm/Documents/GitHub/proyectoVaca/Assets
GfxDevice: creating device client; threaded=0
Direct3D:
    Version:  Direct3D 11.0 [level 11.1]
    Renderer: AMD Radeon (TM) R7 360 Series (ID=0x665f)
    Vendor:   
    VRAM:     2023 MB
    Driver:   27.20.20912.1002
Initialize mono
Mono path[0] = 'G:/Unity Editor/2020.3.33f1/Editor/Data/Managed'
Mono path[1] = 'G:/Unity Editor/2020.3.33f1/Editor/Data/MonoBleedingEdge/lib/mono/unityjit'
Mono config path = 'G:/Unity Editor/2020.3.33f1/Editor/Data/MonoBleedingEdge/etc'
Using monoOptions --debugger-agent=transport=dt_socket,embedding=1,server=y,suspend=n,address=127.0.0.1:56032
Begin MonoManager ReloadAssembly
Registering precompiled unity dll's ...
Register platform support module: G:/Unity Editor/2020.3.33f1/Editor/Data/PlaybackEngines/WebGLSupport/UnityEditor.WebGL.Extensions.dll
Register platform support module: G:/Unity Editor/2020.3.33f1/Editor/Data/PlaybackEngines/WindowsStandaloneSupport/UnityEditor.WindowsStandalone.Extensions.dll
Registered in 0.003619 seconds.
Native extension for WindowsStandalone target not found
Native extension for WebGL target not found
Refreshing native plugins compatible for Editor in 77.29 ms, found 2 plugins.
Preloading 0 native plugins for Editor in 0.00 ms.
Mono: successfully reloaded assembly
- Completed reload, in  1.425 seconds
Domain Reload Profiling:
	ReloadAssembly (1426ms)
		BeginReloadAssembly (160ms)
			ExecutionOrderSort (0ms)
			DisableScriptedObjects (0ms)
			BackupInstance (0ms)
			ReleaseScriptingObjects (0ms)
			CreateAndSetChildDomain (3ms)
		EndReloadAssembly (1067ms)
			LoadAssemblies (156ms)
			RebuildTransferFunctionScriptingTraits (0ms)
			SetupTypeCache (415ms)
			ReleaseScriptCaches (0ms)
			RebuildScriptCaches (72ms)
			SetupLoadedEditorAssemblies (366ms)
				LogAssemblyErrors (0ms)
				InitializePlatformSupportModulesInManaged (9ms)
				SetLoadedEditorAssemblies (0ms)
				RefreshPlugins (77ms)
				BeforeProcessingInitializeOnLoad (23ms)
				ProcessInitializeOnLoadAttributes (196ms)
				ProcessInitializeOnLoadMethodAttributes (58ms)
				AfterProcessingInitializeOnLoad (0ms)
				EditorAssembliesLoaded (2ms)
			ExecutionOrderSort2 (0ms)
			AwakeInstancesAfterBackupRestoration (0ms)
Platform modules already initialized, skipping
Registering precompiled user dll's ...
Registered in 0.006614 seconds.
Begin MonoManager ReloadAssembly
Symbol file LoadedFromMemory doesn't match image C:\Users\alanm\Documents\GitHub\proyectoVaca\Library\PackageCache\com.unity.collab-proxy@1.15.15\Lib\Editor\PlasticSCM\unityplastic.dll
Native extension for WindowsStandalone target not found
Native extension for WebGL target not found
Refreshing native plugins compatible for Editor in 0.94 ms, found 2 plugins.
Preloading 0 native plugins for Editor in 0.00 ms.
Mono: successfully reloaded assembly
- Completed reload, in  2.145 seconds
Domain Reload Profiling:
	ReloadAssembly (2147ms)
		BeginReloadAssembly (328ms)
			ExecutionOrderSort (0ms)
			DisableScriptedObjects (11ms)
			BackupInstance (0ms)
			ReleaseScriptingObjects (0ms)
			CreateAndSetChildDomain (39ms)
		EndReloadAssembly (1689ms)
			LoadAssemblies (203ms)
			RebuildTransferFunctionScriptingTraits (0ms)
			SetupTypeCache (632ms)
			ReleaseScriptCaches (1ms)
			RebuildScriptCaches (101ms)
			SetupLoadedEditorAssemblies (575ms)
				LogAssemblyErrors (0ms)
				InitializePlatformSupportModulesInManaged (11ms)
				SetLoadedEditorAssemblies (2ms)
				RefreshPlugins (1ms)
				BeforeProcessingInitializeOnLoad (122ms)
				ProcessInitializeOnLoadAttributes (418ms)
				ProcessInitializeOnLoadMethodAttributes (15ms)
				AfterProcessingInitializeOnLoad (5ms)
				EditorAssembliesLoaded (0ms)
			ExecutionOrderSort2 (0ms)
			AwakeInstancesAfterBackupRestoration (14ms)
Platform modules already initialized, skipping
========================================================================
Worker process is ready to serve import requests
Launched and connected shader compiler UnityShaderCompiler.exe after 0.18 seconds
Refreshing native plugins compatible for Editor in 1.12 ms, found 2 plugins.
Preloading 0 native plugins for Editor in 0.00 ms.
Unloading 1659 Unused Serialized files (Serialized files now loaded: 0)
System memory in use before: 194.7 MB.
System memory in use after: 194.8 MB.

Unloading 28 unused Assets to reduce memory usage. Loaded Objects now: 2127.
Total: 7.356100 ms (FindLiveObjects: 0.344900 ms CreateObjectMapping: 0.138000 ms MarkObjects: 5.825500 ms  DeleteObjects: 1.045200 ms)

AssetImportParameters requested are different than current active one (requested -> active):
  custom:framework-win-MediaFoundation: 216162199b28c13a410421893ffa2e32 -> 
  custom:video-decoder-ogg-theora: a1e56fd34408186e4bbccfd4996cb3dc -> 
  custom:container-muxer-webm: aa71ff27fc2769a1b78a27578f13a17b -> 
  custom:container-demuxer-webm: 4f35f7cbe854078d1ac9338744f61a02 -> 
  custom:container-demuxer-ogg: 62fdf1f143b41e24485cea50d1cbac27 -> 
  custom:video-encoder-webm-vp8: eb34c28f22e8b96e1ab97ce403110664 -> 
  custom:video-decoder-webm-vp8: 9c59270c3fd7afecdb556c50c9e8de78 -> 
  custom:audio-decoder-ogg-vorbis: bf7c407c2cedff20999df2af8eb42d56 -> 
  custom:audio-encoder-webm-vorbis: bf7c407c2cedff20999df2af8eb42d56 -> 
========================================================================
Received Import Request.
  path: Assets/Assets/Ovni/ovnirota.fbx
  artifactKey: Guid(20152aafe100ce9498141d0da8dd8138) Importer(815301076,1909f56bfc062723c751e8b465ee728b)
Start importing Assets/Assets/Ovni/ovnirota.fbx using Guid(20152aafe100ce9498141d0da8dd8138) Importer(815301076,1909f56bfc062723c751e8b465ee728b)  -> (artifact id: '28fb7e9b8cdbc9726746f53620159ff6') in 0.969699 seconds 
========================================================================
Received Import Request.
  Time since last request: 20.042230 seconds.
  path: Assets/Assets/Ovni/OvniPinza.fbx
  artifactKey: Guid(32ee533b1f66d5444abefd80b50f528b) Importer(815301076,1909f56bfc062723c751e8b465ee728b)
Start importing Assets/Assets/Ovni/OvniPinza.fbx using Guid(32ee533b1f66d5444abefd80b50f528b) Importer(815301076,1909f56bfc062723c751e8b465ee728b)  -> (artifact id: 'a7a47ee7c160ef75ef6f62d8c1c4e6a3') in 0.138469 seconds 
========================================================================
Received Import Request.
  Time since last request: 249.180702 seconds.
  path: Assets/Assets/Ovni/ovnirota.fbx
  artifactKey: Guid(20152aafe100ce9498141d0da8dd8138) Importer(815301076,1909f56bfc062723c751e8b465ee728b)
Start importing Assets/Assets/Ovni/ovnirota.fbx using Guid(20152aafe100ce9498141d0da8dd8138) Importer(815301076,1909f56bfc062723c751e8b465ee728b)  -> (artifact id: '994b7b1128887b500f1dd3c83f40b62d') in 0.176615 seconds 
========================================================================
Received Import Request.
  Time since last request: 98.064970 seconds.
  path: Assets/Assets/Ovni/ovnirota.fbx
  artifactKey: Guid(20152aafe100ce9498141d0da8dd8138) Importer(815301076,1909f56bfc062723c751e8b465ee728b)
Start importing Assets/Assets/Ovni/ovnirota.fbx using Guid(20152aafe100ce9498141d0da8dd8138) Importer(815301076,1909f56bfc062723c751e8b465ee728b)  -> (artifact id: 'e647560cb771bdbe6e379e7d8e54080f') in 0.148682 seconds 
========================================================================
Received Import Request.
  Time since last request: 47.111984 seconds.
  path: Assets/Assets/Ovni/ovnirota.fbx
  artifactKey: Guid(20152aafe100ce9498141d0da8dd8138) Importer(815301076,1909f56bfc062723c751e8b465ee728b)
Start importing Assets/Assets/Ovni/ovnirota.fbx using Guid(20152aafe100ce9498141d0da8dd8138) Importer(815301076,1909f56bfc062723c751e8b465ee728b)  -> (artifact id: '6cbacc203c912b42638c4662cf2f749a') in 0.121529 seconds 
========================================================================
Received Import Request.
  Time since last request: 20.770405 seconds.
  path: Assets/Assets/Ovni/ovnirota.fbx
  artifactKey: Guid(20152aafe100ce9498141d0da8dd8138) Importer(815301076,1909f56bfc062723c751e8b465ee728b)
Start importing Assets/Assets/Ovni/ovnirota.fbx using Guid(20152aafe100ce9498141d0da8dd8138) Importer(815301076,1909f56bfc062723c751e8b465ee728b)  -> (artifact id: '1070b136b88f600a8e489b2d2f65d590') in 0.127138 seconds 
========================================================================
Received Import Request.
  Time since last request: 68.132604 seconds.
  path: Assets/Assets/Ovni/ovnirota.fbx
  artifactKey: Guid(20152aafe100ce9498141d0da8dd8138) Importer(815301076,1909f56bfc062723c751e8b465ee728b)
Start importing Assets/Assets/Ovni/ovnirota.fbx using Guid(20152aafe100ce9498141d0da8dd8138) Importer(815301076,1909f56bfc062723c751e8b465ee728b)  -> (artifact id: '2d75e530740a96596e4a5daf550015dd') in 0.123791 seconds 
========================================================================
Received Import Request.
  Time since last request: 104.093483 seconds.
  path: Assets/Assets/Ovni/ovnirota.fbx
  artifactKey: Guid(20152aafe100ce9498141d0da8dd8138) Importer(815301076,1909f56bfc062723c751e8b465ee728b)
Start importing Assets/Assets/Ovni/ovnirota.fbx using Guid(20152aafe100ce9498141d0da8dd8138) Importer(815301076,1909f56bfc062723c751e8b465ee728b)  -> (artifact id: '0f36b3806b18195b564a5c92208bbb57') in 0.119966 seconds 
========================================================================
Received Import Request.
  Time since last request: 115.110846 seconds.
  path: Assets/Assets/Ovni/ovnirota.fbx
  artifactKey: Guid(20152aafe100ce9498141d0da8dd8138) Importer(815301076,1909f56bfc062723c751e8b465ee728b)
Start importing Assets/Assets/Ovni/ovnirota.fbx using Guid(20152aafe100ce9498141d0da8dd8138) Importer(815301076,1909f56bfc062723c751e8b465ee728b)  -> (artifact id: '8ba2781cd5bf4986630d5f06cbae6323') in 0.124105 seconds 
========================================================================
Received Import Request.
  Time since last request: 89.664065 seconds.
  path: Assets/Assets/Ovni/ovnirota.fbx
  artifactKey: Guid(20152aafe100ce9498141d0da8dd8138) Importer(815301076,1909f56bfc062723c751e8b465ee728b)
Start importing Assets/Assets/Ovni/ovnirota.fbx using Guid(20152aafe100ce9498141d0da8dd8138) Importer(815301076,1909f56bfc062723c751e8b465ee728b)  -> (artifact id: 'b7757effb6a6d830a15f741c70df038a') in 0.129278 seconds 
========================================================================
Received Import Request.
  Time since last request: 358.689976 seconds.
  path: Assets/Assets/Ovni/ovnirotasas.fbx
  artifactKey: Guid(ce1526aa9af470c4982800fca940cfa9) Importer(815301076,1909f56bfc062723c751e8b465ee728b)
Start importing Assets/Assets/Ovni/ovnirotasas.fbx using Guid(ce1526aa9af470c4982800fca940cfa9) Importer(815301076,1909f56bfc062723c751e8b465ee728b)  -> (artifact id: 'f71fa2442de12a4f8871b579c2a95019') in 0.137006 seconds 
========================================================================
Received Import Request.
  Time since last request: 200.973152 seconds.
  path: Assets/Assets/Ovni/ovnirotasas.fbx
  artifactKey: Guid(ce1526aa9af470c4982800fca940cfa9) Importer(815301076,1909f56bfc062723c751e8b465ee728b)
Start importing Assets/Assets/Ovni/ovnirotasas.fbx using Guid(ce1526aa9af470c4982800fca940cfa9) Importer(815301076,1909f56bfc062723c751e8b465ee728b)  -> (artifact id: '1f50570450b0cd2daf837b5d20ab5fd3') in 0.147724 seconds 
========================================================================
Received Import Request.
  Time since last request: 166.168337 seconds.
  path: Assets/Assets/Ovni/ovnirotasas 1.fbx
  artifactKey: Guid(9cc20f7e5d103ac4bbf4bfe913f0798b) Importer(815301076,1909f56bfc062723c751e8b465ee728b)
Start importing Assets/Assets/Ovni/ovnirotasas 1.fbx using Guid(9cc20f7e5d103ac4bbf4bfe913f0798b) Importer(815301076,1909f56bfc062723c751e8b465ee728b)  -> (artifact id: '4dc1bebb28d3847c9a017340b7d6094f') in 0.123357 seconds 
========================================================================
Received Import Request.
  Time since last request: 6.955070 seconds.
  path: Assets/Assets/Ovni/ovnirotasas.fbx
  artifactKey: Guid(ce1526aa9af470c4982800fca940cfa9) Importer(815301076,1909f56bfc062723c751e8b465ee728b)
Start importing Assets/Assets/Ovni/ovnirotasas.fbx using Guid(ce1526aa9af470c4982800fca940cfa9) Importer(815301076,1909f56bfc062723c751e8b465ee728b)  -> (artifact id: '9f2f0efa281854c0f1702687b1c7cab3') in 0.150395 seconds 
========================================================================
Received Import Request.
  Time since last request: 52.078745 seconds.
  path: Assets/Assets/Ovni/ovnirotasas.fbx
  artifactKey: Guid(ce1526aa9af470c4982800fca940cfa9) Importer(815301076,1909f56bfc062723c751e8b465ee728b)
Start importing Assets/Assets/Ovni/ovnirotasas.fbx using Guid(ce1526aa9af470c4982800fca940cfa9) Importer(815301076,1909f56bfc062723c751e8b465ee728b)  -> (artifact id: '741c11f594a826e97175ae5321c01133') in 0.131760 seconds 
========================================================================
Received Import Request.
  Time since last request: 40.664152 seconds.
  path: Assets/Assets/Ovni/ovnirotasas.fbx
  artifactKey: Guid(ce1526aa9af470c4982800fca940cfa9) Importer(815301076,1909f56bfc062723c751e8b465ee728b)
Start importing Assets/Assets/Ovni/ovnirotasas.fbx using Guid(ce1526aa9af470c4982800fca940cfa9) Importer(815301076,1909f56bfc062723c751e8b465ee728b)  -> (artifact id: '22b4787cc5263bff7a04b891374833f4') in 0.128236 seconds 
========================================================================
Received Import Request.
  Time since last request: 35.847086 seconds.
  path: Assets/Assets/Ovni/ovnirotasas.fbx
  artifactKey: Guid(ce1526aa9af470c4982800fca940cfa9) Importer(815301076,1909f56bfc062723c751e8b465ee728b)
Start importing Assets/Assets/Ovni/ovnirotasas.fbx using Guid(ce1526aa9af470c4982800fca940cfa9) Importer(815301076,1909f56bfc062723c751e8b465ee728b)  -> (artifact id: 'a8ce5ae8cc202c607637b25f4ecfb5e7') in 0.123694 seconds 
========================================================================
Received Import Request.
  Time since last request: 78.697709 seconds.
  path: Assets/Assets/Ovni/ovnirotasas.fbx
  artifactKey: Guid(ce1526aa9af470c4982800fca940cfa9) Importer(815301076,1909f56bfc062723c751e8b465ee728b)
Start importing Assets/Assets/Ovni/ovnirotasas.fbx using Guid(ce1526aa9af470c4982800fca940cfa9) Importer(815301076,1909f56bfc062723c751e8b465ee728b)  -> (artifact id: 'f61264f070760f5d17cf0477e1b80055') in 0.151858 seconds 
========================================================================
Received Import Request.
  Time since last request: 239.384352 seconds.
  path: Assets/Assets/Ovni/ovnirotasas.fbx
  artifactKey: Guid(ce1526aa9af470c4982800fca940cfa9) Importer(815301076,1909f56bfc062723c751e8b465ee728b)
Start importing Assets/Assets/Ovni/ovnirotasas.fbx using Guid(ce1526aa9af470c4982800fca940cfa9) Importer(815301076,1909f56bfc062723c751e8b465ee728b)  -> (artifact id: '2734db7f5c0bc214a869df10efd2e8f4') in 0.147785 seconds 
========================================================================
Received Import Request.
  Time since last request: 250.667793 seconds.
  path: Assets/Assets/Ovni/ovnirotasas.fbx
  artifactKey: Guid(ce1526aa9af470c4982800fca940cfa9) Importer(815301076,1909f56bfc062723c751e8b465ee728b)
Start importing Assets/Assets/Ovni/ovnirotasas.fbx using Guid(ce1526aa9af470c4982800fca940cfa9) Importer(815301076,1909f56bfc062723c751e8b465ee728b)  -> (artifact id: '9901823b84addade04d7c4c00d0d8877') in 0.129708 seconds 
========================================================================
Received Import Request.
  Time since last request: 30.101357 seconds.
  path: Assets/Assets/Ovni/ovnirotasas.fbx
  artifactKey: Guid(ce1526aa9af470c4982800fca940cfa9) Importer(815301076,1909f56bfc062723c751e8b465ee728b)
Start importing Assets/Assets/Ovni/ovnirotasas.fbx using Guid(ce1526aa9af470c4982800fca940cfa9) Importer(815301076,1909f56bfc062723c751e8b465ee728b)  -> (artifact id: '220b7a1b5bc50253ed07ebc4df9a3bd4') in 0.181919 seconds 
========================================================================
Received Import Request.
  Time since last request: 53.682810 seconds.
  path: Assets/Assets/Ovni/ovnirotasas.fbx
  artifactKey: Guid(ce1526aa9af470c4982800fca940cfa9) Importer(815301076,1909f56bfc062723c751e8b465ee728b)
Start importing Assets/Assets/Ovni/ovnirotasas.fbx using Guid(ce1526aa9af470c4982800fca940cfa9) Importer(815301076,1909f56bfc062723c751e8b465ee728b)  -> (artifact id: '593281563ec971220ae2d0501c38664f') in 0.135567 seconds 
========================================================================
Received Import Request.
  Time since last request: 59.941279 seconds.
  path: Assets/Assets/Ovni/ovnirotasas.fbx
  artifactKey: Guid(ce1526aa9af470c4982800fca940cfa9) Importer(815301076,1909f56bfc062723c751e8b465ee728b)
Start importing Assets/Assets/Ovni/ovnirotasas.fbx using Guid(ce1526aa9af470c4982800fca940cfa9) Importer(815301076,1909f56bfc062723c751e8b465ee728b)  -> (artifact id: '155c4ba07018925459eecdd60b3255d9') in 0.124252 seconds 
========================================================================
Received Import Request.
  Time since last request: 25.476865 seconds.
  path: Assets/Assets/Ovni/ovnirotasas.fbx
  artifactKey: Guid(ce1526aa9af470c4982800fca940cfa9) Importer(815301076,1909f56bfc062723c751e8b465ee728b)
Start importing Assets/Assets/Ovni/ovnirotasas.fbx using Guid(ce1526aa9af470c4982800fca940cfa9) Importer(815301076,1909f56bfc062723c751e8b465ee728b)  -> (artifact id: 'da9352e2a4d7fea306bcbd1d9c689ebc') in 0.120484 seconds 
========================================================================
Received Import Request.
  Time since last request: 28.657038 seconds.
  path: Assets/Assets/Ovni/ovnirotasas.fbx
  artifactKey: Guid(ce1526aa9af470c4982800fca940cfa9) Importer(815301076,1909f56bfc062723c751e8b465ee728b)
Start importing Assets/Assets/Ovni/ovnirotasas.fbx using Guid(ce1526aa9af470c4982800fca940cfa9) Importer(815301076,1909f56bfc062723c751e8b465ee728b)  -> (artifact id: 'fc9a9a4a4cfa72fcc53e41f28e221478') in 0.125461 seconds 
========================================================================
Received Import Request.
  Time since last request: 25.477277 seconds.
  path: Assets/Assets/Ovni/ovnirotasas.fbx
  artifactKey: Guid(ce1526aa9af470c4982800fca940cfa9) Importer(815301076,1909f56bfc062723c751e8b465ee728b)
Start importing Assets/Assets/Ovni/ovnirotasas.fbx using Guid(ce1526aa9af470c4982800fca940cfa9) Importer(815301076,1909f56bfc062723c751e8b465ee728b)  -> (artifact id: 'c4de70e496cced74ea2f7fcbefec3bb7') in 0.146849 seconds 
========================================================================
Received Import Request.
  Time since last request: 20.151896 seconds.
  path: Assets/Assets/Ovni/ovnirotasas.fbx
  artifactKey: Guid(ce1526aa9af470c4982800fca940cfa9) Importer(815301076,1909f56bfc062723c751e8b465ee728b)
Start importing Assets/Assets/Ovni/ovnirotasas.fbx using Guid(ce1526aa9af470c4982800fca940cfa9) Importer(815301076,1909f56bfc062723c751e8b465ee728b)  -> (artifact id: 'dc234f54ca94b2b9a35cf133cfe9d690') in 0.168911 seconds 
========================================================================
Received Import Request.
  Time since last request: 111.833683 seconds.
  path: Assets/Assets/Ovni/ovnirotasas.fbx
  artifactKey: Guid(ce1526aa9af470c4982800fca940cfa9) Importer(815301076,1909f56bfc062723c751e8b465ee728b)
Start importing Assets/Assets/Ovni/ovnirotasas.fbx using Guid(ce1526aa9af470c4982800fca940cfa9) Importer(815301076,1909f56bfc062723c751e8b465ee728b)  -> (artifact id: 'ab98b81101989f12c7472cc837766a83') in 0.125035 seconds 
========================================================================
Received Import Request.
  Time since last request: 57.822012 seconds.
  path: Assets/Assets/Ovni/ovnirotasas.fbx
  artifactKey: Guid(ce1526aa9af470c4982800fca940cfa9) Importer(815301076,1909f56bfc062723c751e8b465ee728b)
Start importing Assets/Assets/Ovni/ovnirotasas.fbx using Guid(ce1526aa9af470c4982800fca940cfa9) Importer(815301076,1909f56bfc062723c751e8b465ee728b)  -> (artifact id: '4b7c5fd8dae2a8589619bdbf273a8a3d') in 0.122908 seconds 
========================================================================
Received Import Request.
  Time since last request: 26.536707 seconds.
  path: Assets/Assets/Ovni/ovnirotasas.fbx
  artifactKey: Guid(ce1526aa9af470c4982800fca940cfa9) Importer(815301076,1909f56bfc062723c751e8b465ee728b)
Start importing Assets/Assets/Ovni/ovnirotasas.fbx using Guid(ce1526aa9af470c4982800fca940cfa9) Importer(815301076,1909f56bfc062723c751e8b465ee728b)  -> (artifact id: '031bab15dd6a2d39cb1e9e8ee13bbf60') in 0.187180 seconds 
========================================================================
Received Import Request.
  Time since last request: 42.794120 seconds.
  path: Assets/Assets/Ovni/ovnirotasas 1.fbx
  artifactKey: Guid(9cc20f7e5d103ac4bbf4bfe913f0798b) Importer(815301076,1909f56bfc062723c751e8b465ee728b)
Start importing Assets/Assets/Ovni/ovnirotasas 1.fbx using Guid(9cc20f7e5d103ac4bbf4bfe913f0798b) Importer(815301076,1909f56bfc062723c751e8b465ee728b)  -> (artifact id: 'bb7134c356dbd8ad1d598098e50469ed') in 0.125832 seconds 
========================================================================
Received Import Request.
  Time since last request: 9.818993 seconds.
  path: Assets/Assets/Ovni/ovnirotasas.fbx
  artifactKey: Guid(ce1526aa9af470c4982800fca940cfa9) Importer(815301076,1909f56bfc062723c751e8b465ee728b)
Start importing Assets/Assets/Ovni/ovnirotasas.fbx using Guid(ce1526aa9af470c4982800fca940cfa9) Importer(815301076,1909f56bfc062723c751e8b465ee728b)  -> (artifact id: '580ecf0956e63f10d327a6ebfd9f5f16') in 0.139083 seconds 
========================================================================
Received Import Request.
  Time since last request: 322.843480 seconds.
  path: Assets/Assets/Ovni/ovnirotasas.fbx
  artifactKey: Guid(ce1526aa9af470c4982800fca940cfa9) Importer(815301076,1909f56bfc062723c751e8b465ee728b)
Start importing Assets/Assets/Ovni/ovnirotasas.fbx using Guid(ce1526aa9af470c4982800fca940cfa9) Importer(815301076,1909f56bfc062723c751e8b465ee728b)  -> (artifact id: 'ca174f2cdd218354e6b7edf59b561da6') in 0.139914 seconds 
========================================================================
Received Import Request.
  Time since last request: 104.992118 seconds.
  path: Assets/Assets/Ovni/ovnirotasas.fbx
  artifactKey: Guid(ce1526aa9af470c4982800fca940cfa9) Importer(815301076,1909f56bfc062723c751e8b465ee728b)
Start importing Assets/Assets/Ovni/ovnirotasas.fbx using Guid(ce1526aa9af470c4982800fca940cfa9) Importer(815301076,1909f56bfc062723c751e8b465ee728b)  -> (artifact id: 'b5db77d5965f582a2e8625e5a2fe50e3') in 0.127851 seconds 
========================================================================
Received Import Request.
  Time since last request: 52.704566 seconds.
  path: Assets/Assets/Ovni/ovnirotasas.fbx
  artifactKey: Guid(ce1526aa9af470c4982800fca940cfa9) Importer(815301076,1909f56bfc062723c751e8b465ee728b)
Start importing Assets/Assets/Ovni/ovnirotasas.fbx using Guid(ce1526aa9af470c4982800fca940cfa9) Importer(815301076,1909f56bfc062723c751e8b465ee728b)  -> (artifact id: '7de4edae00f4adda30733e909f8ab6c3') in 0.132172 seconds 
========================================================================
Received Import Request.
  Time since last request: 81.986036 seconds.
  path: Assets/Assets/Ovni/ovnirotasas.fbx
  artifactKey: Guid(ce1526aa9af470c4982800fca940cfa9) Importer(815301076,1909f56bfc062723c751e8b465ee728b)
Start importing Assets/Assets/Ovni/ovnirotasas.fbx using Guid(ce1526aa9af470c4982800fca940cfa9) Importer(815301076,1909f56bfc062723c751e8b465ee728b)  -> (artifact id: '07d7dd8ad9f1b1d6dc75d36110b06278') in 0.127126 seconds 
========================================================================
Received Import Request.
  Time since last request: 129.259832 seconds.
  path: Assets/Assets/Ovni/ovnirotasas.fbx
  artifactKey: Guid(ce1526aa9af470c4982800fca940cfa9) Importer(815301076,1909f56bfc062723c751e8b465ee728b)
Start importing Assets/Assets/Ovni/ovnirotasas.fbx using Guid(ce1526aa9af470c4982800fca940cfa9) Importer(815301076,1909f56bfc062723c751e8b465ee728b)  -> (artifact id: 'feb21b73b8f150260c89a25d0e2f9474') in 0.125449 seconds 
========================================================================
Received Import Request.
  Time since last request: 53.943038 seconds.
  path: Assets/Assets/Ovni/ovnirotasas.fbx
  artifactKey: Guid(ce1526aa9af470c4982800fca940cfa9) Importer(815301076,1909f56bfc062723c751e8b465ee728b)
Start importing Assets/Assets/Ovni/ovnirotasas.fbx using Guid(ce1526aa9af470c4982800fca940cfa9) Importer(815301076,1909f56bfc062723c751e8b465ee728b)  -> (artifact id: '945f42f0af348d893ca9f593c121b4b1') in 0.127489 seconds 
========================================================================
Received Import Request.
  Time since last request: 26.046127 seconds.
  path: Assets/Assets/Ovni/ovnirotasas.fbx
  artifactKey: Guid(ce1526aa9af470c4982800fca940cfa9) Importer(815301076,1909f56bfc062723c751e8b465ee728b)
Start importing Assets/Assets/Ovni/ovnirotasas.fbx using Guid(ce1526aa9af470c4982800fca940cfa9) Importer(815301076,1909f56bfc062723c751e8b465ee728b)  -> (artifact id: 'a8124e59d35af2490a276c811325f2b4') in 0.132375 seconds 
========================================================================
Received Import Request.
  Time since last request: 75.180308 seconds.
  path: Assets/Assets/Ovni/ovnirotasas.fbx
  artifactKey: Guid(ce1526aa9af470c4982800fca940cfa9) Importer(815301076,1909f56bfc062723c751e8b465ee728b)
Start importing Assets/Assets/Ovni/ovnirotasas.fbx using Guid(ce1526aa9af470c4982800fca940cfa9) Importer(815301076,1909f56bfc062723c751e8b465ee728b)  -> (artifact id: '8bbd7a5c67fd4483e074396530b3c817') in 0.121751 seconds 
========================================================================
Received Import Request.
  Time since last request: 90.225381 seconds.
  path: Assets/Assets/Ovni/ovnirotasas.fbx
  artifactKey: Guid(ce1526aa9af470c4982800fca940cfa9) Importer(815301076,1909f56bfc062723c751e8b465ee728b)
Start importing Assets/Assets/Ovni/ovnirotasas.fbx using Guid(ce1526aa9af470c4982800fca940cfa9) Importer(815301076,1909f56bfc062723c751e8b465ee728b)  -> (artifact id: '5199e6e6da8b9dd9579309b430c6db3b') in 0.145230 seconds 
========================================================================
Received Import Request.
  Time since last request: 35.130523 seconds.
  path: Assets/Assets/Ovni/ovnirotasas.fbx
  artifactKey: Guid(ce1526aa9af470c4982800fca940cfa9) Importer(815301076,1909f56bfc062723c751e8b465ee728b)
Start importing Assets/Assets/Ovni/ovnirotasas.fbx using Guid(ce1526aa9af470c4982800fca940cfa9) Importer(815301076,1909f56bfc062723c751e8b465ee728b)  -> (artifact id: 'a1484369e36192bc2c642f9a0dfc48c8') in 0.181410 seconds 
========================================================================
Received Import Request.
  Time since last request: 26.811837 seconds.
  path: Assets/Assets/Ovni/ovnirotasas.fbx
  artifactKey: Guid(ce1526aa9af470c4982800fca940cfa9) Importer(815301076,1909f56bfc062723c751e8b465ee728b)
Start importing Assets/Assets/Ovni/ovnirotasas.fbx using Guid(ce1526aa9af470c4982800fca940cfa9) Importer(815301076,1909f56bfc062723c751e8b465ee728b)  -> (artifact id: 'b156cc2c2eb11a36a6a8b6bf8bb56206') in 0.147053 seconds 
========================================================================
Received Import Request.
  Time since last request: 24.864914 seconds.
  path: Assets/Assets/Ovni/ovnirotasas.fbx
  artifactKey: Guid(ce1526aa9af470c4982800fca940cfa9) Importer(815301076,1909f56bfc062723c751e8b465ee728b)
Start importing Assets/Assets/Ovni/ovnirotasas.fbx using Guid(ce1526aa9af470c4982800fca940cfa9) Importer(815301076,1909f56bfc062723c751e8b465ee728b)  -> (artifact id: '398f8af41b7cc1bfaa7d99ccd7f7f927') in 0.136120 seconds 
========================================================================
Received Import Request.
  Time since last request: 27.815464 seconds.
  path: Assets/Assets/Ovni/ovnirotasas.fbx
  artifactKey: Guid(ce1526aa9af470c4982800fca940cfa9) Importer(815301076,1909f56bfc062723c751e8b465ee728b)
Start importing Assets/Assets/Ovni/ovnirotasas.fbx using Guid(ce1526aa9af470c4982800fca940cfa9) Importer(815301076,1909f56bfc062723c751e8b465ee728b)  -> (artifact id: 'ccb7492ae8526c2f0717576b9e8948f8') in 0.133133 seconds 
========================================================================
Received Import Request.
  Time since last request: 114.166081 seconds.
  path: Assets/Assets/Ovni/ovnirotasas.fbx
  artifactKey: Guid(ce1526aa9af470c4982800fca940cfa9) Importer(815301076,1909f56bfc062723c751e8b465ee728b)
Start importing Assets/Assets/Ovni/ovnirotasas.fbx using Guid(ce1526aa9af470c4982800fca940cfa9) Importer(815301076,1909f56bfc062723c751e8b465ee728b)  -> (artifact id: 'dbcffe3623ca7a42acccff194e263fce') in 0.131548 seconds 
========================================================================
Received Import Request.
  Time since last request: 56.341576 seconds.
  path: Assets/Assets/Ovni/ovnirotasas 1.fbx
  artifactKey: Guid(9cc20f7e5d103ac4bbf4bfe913f0798b) Importer(815301076,1909f56bfc062723c751e8b465ee728b)
Start importing Assets/Assets/Ovni/ovnirotasas 1.fbx using Guid(9cc20f7e5d103ac4bbf4bfe913f0798b) Importer(815301076,1909f56bfc062723c751e8b465ee728b)  -> (artifact id: '35c2e0cb7d8f87906b31d0642188898c') in 0.138790 seconds 
========================================================================
Received Import Request.
  Time since last request: 7.844397 seconds.
  path: Assets/Assets/Ovni/ovnirotasas.fbx
  artifactKey: Guid(ce1526aa9af470c4982800fca940cfa9) Importer(815301076,1909f56bfc062723c751e8b465ee728b)
Start importing Assets/Assets/Ovni/ovnirotasas.fbx using Guid(ce1526aa9af470c4982800fca940cfa9) Importer(815301076,1909f56bfc062723c751e8b465ee728b)  -> (artifact id: 'f4b63d103054b7b3e8dff58fc4e01362') in 0.127178 seconds 
========================================================================
Received Import Request.
  Time since last request: 71.725727 seconds.
  path: Assets/Assets/Ovni/ovnirotasas.fbx
  artifactKey: Guid(ce1526aa9af470c4982800fca940cfa9) Importer(815301076,1909f56bfc062723c751e8b465ee728b)
Start importing Assets/Assets/Ovni/ovnirotasas.fbx using Guid(ce1526aa9af470c4982800fca940cfa9) Importer(815301076,1909f56bfc062723c751e8b465ee728b)  -> (artifact id: '84f86d688e0fee5ba88bcf28c8dcc4ad') in 0.129545 seconds 
========================================================================
Received Import Request.
  Time since last request: 44.970086 seconds.
  path: Assets/Assets/Ovni/ovnirotasas.fbx
  artifactKey: Guid(ce1526aa9af470c4982800fca940cfa9) Importer(815301076,1909f56bfc062723c751e8b465ee728b)
Start importing Assets/Assets/Ovni/ovnirotasas.fbx using Guid(ce1526aa9af470c4982800fca940cfa9) Importer(815301076,1909f56bfc062723c751e8b465ee728b)  -> (artifact id: '6ea1a8770efe8ddc5a45dfac022a427e') in 0.133641 seconds 
========================================================================
Received Import Request.
  Time since last request: 143.811433 seconds.
  path: Assets/Assets/Ovni/ovnirotasas.fbx
  artifactKey: Guid(ce1526aa9af470c4982800fca940cfa9) Importer(815301076,1909f56bfc062723c751e8b465ee728b)
Start importing Assets/Assets/Ovni/ovnirotasas.fbx using Guid(ce1526aa9af470c4982800fca940cfa9) Importer(815301076,1909f56bfc062723c751e8b465ee728b)  -> (artifact id: 'ec1da8eb6177891acd8901261ea02b49') in 0.167590 seconds 
========================================================================
Received Import Request.
  Time since last request: 113.889264 seconds.
  path: Assets/Assets/Ovni/ovnirotasas.fbx
  artifactKey: Guid(ce1526aa9af470c4982800fca940cfa9) Importer(815301076,1909f56bfc062723c751e8b465ee728b)
Start importing Assets/Assets/Ovni/ovnirotasas.fbx using Guid(ce1526aa9af470c4982800fca940cfa9) Importer(815301076,1909f56bfc062723c751e8b465ee728b)  -> (artifact id: '25b4293aa61fb83d3d3da457dc28d66f') in 0.129781 seconds 
========================================================================
Received Import Request.
  Time since last request: 38.824475 seconds.
  path: Assets/Assets/Ovni/ovnirotasas.fbx
  artifactKey: Guid(ce1526aa9af470c4982800fca940cfa9) Importer(815301076,1909f56bfc062723c751e8b465ee728b)
Start importing Assets/Assets/Ovni/ovnirotasas.fbx using Guid(ce1526aa9af470c4982800fca940cfa9) Importer(815301076,1909f56bfc062723c751e8b465ee728b)  -> (artifact id: 'b4ba9668b0631a684471e5a4e65a98e0') in 0.121291 seconds 
========================================================================
Received Import Request.
  Time since last request: 66.494722 seconds.
  path: Assets/Assets/Ovni/ovnirotasas.fbx
  artifactKey: Guid(ce1526aa9af470c4982800fca940cfa9) Importer(815301076,1909f56bfc062723c751e8b465ee728b)
Start importing Assets/Assets/Ovni/ovnirotasas.fbx using Guid(ce1526aa9af470c4982800fca940cfa9) Importer(815301076,1909f56bfc062723c751e8b465ee728b)  -> (artifact id: '4fc3ec58b947f2ce3f3ac31a84602aa5') in 0.137832 seconds 
========================================================================
Received Import Request.
  Time since last request: 134.074089 seconds.
  path: Assets/Assets/Ovni/ovnirotasas.fbx
  artifactKey: Guid(ce1526aa9af470c4982800fca940cfa9) Importer(815301076,1909f56bfc062723c751e8b465ee728b)
Start importing Assets/Assets/Ovni/ovnirotasas.fbx using Guid(ce1526aa9af470c4982800fca940cfa9) Importer(815301076,1909f56bfc062723c751e8b465ee728b)  -> (artifact id: 'e939e91091517624419b992994df3224') in 0.122534 seconds 
========================================================================
Received Import Request.
  Time since last request: 41.756366 seconds.
  path: Assets/Assets/Ovni/ovnirotasas.fbx
  artifactKey: Guid(ce1526aa9af470c4982800fca940cfa9) Importer(815301076,1909f56bfc062723c751e8b465ee728b)
Start importing Assets/Assets/Ovni/ovnirotasas.fbx using Guid(ce1526aa9af470c4982800fca940cfa9) Importer(815301076,1909f56bfc062723c751e8b465ee728b)  -> (artifact id: '83b323a55828aa842d48452dcc00f2d1') in 0.123879 seconds 
========================================================================
Received Import Request.
  Time since last request: 348.922771 seconds.
  path: Assets/Assets/Ovni/ovniintento.fbx
  artifactKey: Guid(a3751060c3213f449919a9927e03e0e5) Importer(815301076,1909f56bfc062723c751e8b465ee728b)
Start importing Assets/Assets/Ovni/ovniintento.fbx using Guid(a3751060c3213f449919a9927e03e0e5) Importer(815301076,1909f56bfc062723c751e8b465ee728b)  -> (artifact id: '0204bce701195ba20e1e4ee395c93eae') in 0.268201 seconds 
========================================================================
Received Import Request.
  Time since last request: 187.825987 seconds.
  path: Assets/Assets/Ovni/ovniintento.fbx
  artifactKey: Guid(a3751060c3213f449919a9927e03e0e5) Importer(815301076,1909f56bfc062723c751e8b465ee728b)
Start importing Assets/Assets/Ovni/ovniintento.fbx using Guid(a3751060c3213f449919a9927e03e0e5) Importer(815301076,1909f56bfc062723c751e8b465ee728b)  -> (artifact id: '93345656fe50467d29015f0fb2b59546') in 0.152779 seconds 
========================================================================
Received Import Request.
  Time since last request: 136.210161 seconds.
  path: Assets/Assets/Ovni/ovniintento.fbx
  artifactKey: Guid(a3751060c3213f449919a9927e03e0e5) Importer(815301076,1909f56bfc062723c751e8b465ee728b)
Start importing Assets/Assets/Ovni/ovniintento.fbx using Guid(a3751060c3213f449919a9927e03e0e5) Importer(815301076,1909f56bfc062723c751e8b465ee728b)  -> (artifact id: '043a36a86492a5750892a8040ac3be32') in 0.123115 seconds 
========================================================================
Received Import Request.
  Time since last request: 25.024979 seconds.
  path: Assets/Assets/Ovni/ovniintento.fbx
  artifactKey: Guid(a3751060c3213f449919a9927e03e0e5) Importer(815301076,1909f56bfc062723c751e8b465ee728b)
Start importing Assets/Assets/Ovni/ovniintento.fbx using Guid(a3751060c3213f449919a9927e03e0e5) Importer(815301076,1909f56bfc062723c751e8b465ee728b)  -> (artifact id: '34e4e844c1fb344da12c8034e1054720') in 0.133434 seconds 
========================================================================
Received Import Request.
  Time since last request: 163.228308 seconds.
  path: Assets/Assets/Ovni/ovniintento.fbx
  artifactKey: Guid(a3751060c3213f449919a9927e03e0e5) Importer(815301076,1909f56bfc062723c751e8b465ee728b)
Start importing Assets/Assets/Ovni/ovniintento.fbx using Guid(a3751060c3213f449919a9927e03e0e5) Importer(815301076,1909f56bfc062723c751e8b465ee728b)  -> (artifact id: '08217ba9c02b7680e2fbf140fe608fc1') in 0.133124 seconds 
========================================================================
Received Import Request.
  Time since last request: 67.354610 seconds.
  path: Assets/Assets/Ovni/ovniintento.fbx
  artifactKey: Guid(a3751060c3213f449919a9927e03e0e5) Importer(815301076,1909f56bfc062723c751e8b465ee728b)
Start importing Assets/Assets/Ovni/ovniintento.fbx using Guid(a3751060c3213f449919a9927e03e0e5) Importer(815301076,1909f56bfc062723c751e8b465ee728b)  -> (artifact id: '05f4f104761012f05114fe1a176f2c51') in 0.151083 seconds 
========================================================================
Received Import Request.
  Time since last request: 135.981857 seconds.
  path: Assets/Assets/Ovni/ovniintento.fbx
  artifactKey: Guid(a3751060c3213f449919a9927e03e0e5) Importer(815301076,1909f56bfc062723c751e8b465ee728b)
Start importing Assets/Assets/Ovni/ovniintento.fbx using Guid(a3751060c3213f449919a9927e03e0e5) Importer(815301076,1909f56bfc062723c751e8b465ee728b)  -> (artifact id: 'b62eeeab53b28104301b533040ff7764') in 0.139776 seconds 
========================================================================
Received Import Request.
  Time since last request: 37.018717 seconds.
  path: Assets/Assets/Ovni/ovniintento.fbx
  artifactKey: Guid(a3751060c3213f449919a9927e03e0e5) Importer(815301076,1909f56bfc062723c751e8b465ee728b)
Start importing Assets/Assets/Ovni/ovniintento.fbx using Guid(a3751060c3213f449919a9927e03e0e5) Importer(815301076,1909f56bfc062723c751e8b465ee728b)  -> (artifact id: '967dbb917c0b0eb4b459a7f7476c9f13') in 0.126054 seconds 
========================================================================
Received Import Request.
  Time since last request: 26.993312 seconds.
  path: Assets/Assets/Ovni/ovniintento.fbx
  artifactKey: Guid(a3751060c3213f449919a9927e03e0e5) Importer(815301076,1909f56bfc062723c751e8b465ee728b)
Start importing Assets/Assets/Ovni/ovniintento.fbx using Guid(a3751060c3213f449919a9927e03e0e5) Importer(815301076,1909f56bfc062723c751e8b465ee728b)  -> (artifact id: '4ed2987ba4e8a2a2118272b0d0fb28a2') in 0.142094 seconds 
========================================================================
Received Import Request.
  Time since last request: 42.024349 seconds.
  path: Assets/Assets/Ovni/ovniintento.fbx
  artifactKey: Guid(a3751060c3213f449919a9927e03e0e5) Importer(815301076,1909f56bfc062723c751e8b465ee728b)
Start importing Assets/Assets/Ovni/ovniintento.fbx using Guid(a3751060c3213f449919a9927e03e0e5) Importer(815301076,1909f56bfc062723c751e8b465ee728b)  -> (artifact id: '00239acdda1f0a5747cb9c5852edccf3') in 0.137197 seconds 
========================================================================
Received Import Request.
  Time since last request: 21.537292 seconds.
  path: Assets/Assets/Ovni/ovniintento.fbx
  artifactKey: Guid(a3751060c3213f449919a9927e03e0e5) Importer(815301076,1909f56bfc062723c751e8b465ee728b)
Start importing Assets/Assets/Ovni/ovniintento.fbx using Guid(a3751060c3213f449919a9927e03e0e5) Importer(815301076,1909f56bfc062723c751e8b465ee728b)  -> (artifact id: '17eb429525f9c93047e1bb7f60fe30fa') in 0.132990 seconds 
========================================================================
Received Import Request.
  Time since last request: 44.701923 seconds.
  path: Assets/Assets/Ovni/ovniintento.fbx
  artifactKey: Guid(a3751060c3213f449919a9927e03e0e5) Importer(815301076,1909f56bfc062723c751e8b465ee728b)
Start importing Assets/Assets/Ovni/ovniintento.fbx using Guid(a3751060c3213f449919a9927e03e0e5) Importer(815301076,1909f56bfc062723c751e8b465ee728b)  -> (artifact id: '7cd5615c9dfd99bff4316082a48fb473') in 0.137513 seconds 
========================================================================
Received Import Request.
  Time since last request: 36.593918 seconds.
  path: Assets/Assets/Ovni/ovniintento.fbx
  artifactKey: Guid(a3751060c3213f449919a9927e03e0e5) Importer(815301076,1909f56bfc062723c751e8b465ee728b)
Start importing Assets/Assets/Ovni/ovniintento.fbx using Guid(a3751060c3213f449919a9927e03e0e5) Importer(815301076,1909f56bfc062723c751e8b465ee728b)  -> (artifact id: '68c77ae8be32ba5fc277e145e4df3b85') in 0.138331 seconds 
========================================================================
Received Import Request.
  Time since last request: 54.095115 seconds.
  path: Assets/Assets/Ovni/ovniintento.fbx
  artifactKey: Guid(a3751060c3213f449919a9927e03e0e5) Importer(815301076,1909f56bfc062723c751e8b465ee728b)
Start importing Assets/Assets/Ovni/ovniintento.fbx using Guid(a3751060c3213f449919a9927e03e0e5) Importer(815301076,1909f56bfc062723c751e8b465ee728b)  -> (artifact id: '8ee30cbc67cc96156d9df25b3d413e49') in 0.143927 seconds 
AssetImportWorkerClient::OnTransportError - code=2 error=End of file
