Using pre-set license
Built from '2020.3/staging' branch; Version is '2020.3.33f1 (915a7af8b0d5) revision 9525882'; Using compiler version '192528614'; Build Type 'Release'
OS: 'Windows 10  (10.0.19043) 64bit Professional' Language: 'es' Physical Memory: 8175 MB
BatchMode: 1, IsHumanControllingUs: 0, StartBugReporterOnCrash: 0, Is64bit: 1, IsPro: 0

COMMAND LINE ARGUMENTS:
G:\Unity Editor\2020.3.33f1\Editor\Unity.exe
-adb2
-batchMode
-noUpm
-name
AssetImportWorker1
-projectPath
C:/Users/alanm/Documents/GitHub/proyectoVaca
-logFile
Logs/AssetImportWorker1.log
-srvPort
60514
Successfully changed project path to: C:/Users/alanm/Documents/GitHub/proyectoVaca
C:/Users/alanm/Documents/GitHub/proyectoVaca
Using Asset Import Pipeline V2.
Refreshing native plugins compatible for Editor in 111.01 ms, found 2 plugins.
Preloading 0 native plugins for Editor in 0.00 ms.
Initialize engine version: 2020.3.33f1 (915a7af8b0d5)
[Subsystems] Discovering subsystems at path G:/Unity Editor/2020.3.33f1/Editor/Data/Resources/UnitySubsystems
[Subsystems] Discovering subsystems at path C:/Users/alanm/Documents/GitHub/proyectoVaca/Assets
GfxDevice: creating device client; threaded=0
Direct3D:
    Version:  Direct3D 11.0 [level 11.1]
    Renderer: AMD Radeon (TM) R7 360 Series (ID=0x665f)
    Vendor:   
    VRAM:     2023 MB
    Driver:   27.20.20912.1002
Initialize mono
Mono path[0] = 'G:/Unity Editor/2020.3.33f1/Editor/Data/Managed'
Mono path[1] = 'G:/Unity Editor/2020.3.33f1/Editor/Data/MonoBleedingEdge/lib/mono/unityjit'
Mono config path = 'G:/Unity Editor/2020.3.33f1/Editor/Data/MonoBleedingEdge/etc'
Using monoOptions --debugger-agent=transport=dt_socket,embedding=1,server=y,suspend=n,address=127.0.0.1:56432
Begin MonoManager ReloadAssembly
Registering precompiled unity dll's ...
Register platform support module: G:/Unity Editor/2020.3.33f1/Editor/Data/PlaybackEngines/WebGLSupport/UnityEditor.WebGL.Extensions.dll
Register platform support module: G:/Unity Editor/2020.3.33f1/Editor/Data/PlaybackEngines/WindowsStandaloneSupport/UnityEditor.WindowsStandalone.Extensions.dll
Registered in 0.003254 seconds.
Native extension for WindowsStandalone target not found
Native extension for WebGL target not found
Refreshing native plugins compatible for Editor in 94.97 ms, found 2 plugins.
Preloading 0 native plugins for Editor in 0.00 ms.
Mono: successfully reloaded assembly
- Completed reload, in  1.481 seconds
Domain Reload Profiling:
	ReloadAssembly (1482ms)
		BeginReloadAssembly (174ms)
			ExecutionOrderSort (0ms)
			DisableScriptedObjects (0ms)
			BackupInstance (0ms)
			ReleaseScriptingObjects (0ms)
			CreateAndSetChildDomain (2ms)
		EndReloadAssembly (1153ms)
			LoadAssemblies (172ms)
			RebuildTransferFunctionScriptingTraits (0ms)
			SetupTypeCache (462ms)
			ReleaseScriptCaches (0ms)
			RebuildScriptCaches (79ms)
			SetupLoadedEditorAssemblies (393ms)
				LogAssemblyErrors (0ms)
				InitializePlatformSupportModulesInManaged (11ms)
				SetLoadedEditorAssemblies (1ms)
				RefreshPlugins (95ms)
				BeforeProcessingInitializeOnLoad (22ms)
				ProcessInitializeOnLoadAttributes (203ms)
				ProcessInitializeOnLoadMethodAttributes (61ms)
				AfterProcessingInitializeOnLoad (0ms)
				EditorAssembliesLoaded (1ms)
			ExecutionOrderSort2 (0ms)
			AwakeInstancesAfterBackupRestoration (0ms)
Platform modules already initialized, skipping
Registering precompiled user dll's ...
Registered in 0.009535 seconds.
Begin MonoManager ReloadAssembly
Symbol file LoadedFromMemory doesn't match image C:\Users\alanm\Documents\GitHub\proyectoVaca\Library\PackageCache\com.unity.collab-proxy@1.15.15\Lib\Editor\PlasticSCM\unityplastic.dll
Native extension for WindowsStandalone target not found
Native extension for WebGL target not found
Refreshing native plugins compatible for Editor in 0.97 ms, found 2 plugins.
Preloading 0 native plugins for Editor in 0.00 ms.
Mono: successfully reloaded assembly
- Completed reload, in  2.922 seconds
Domain Reload Profiling:
	ReloadAssembly (2923ms)
		BeginReloadAssembly (323ms)
			ExecutionOrderSort (0ms)
			DisableScriptedObjects (9ms)
			BackupInstance (0ms)
			ReleaseScriptingObjects (0ms)
			CreateAndSetChildDomain (38ms)
		EndReloadAssembly (2465ms)
			LoadAssemblies (988ms)
			RebuildTransferFunctionScriptingTraits (0ms)
			SetupTypeCache (613ms)
			ReleaseScriptCaches (1ms)
			RebuildScriptCaches (102ms)
			SetupLoadedEditorAssemblies (594ms)
				LogAssemblyErrors (0ms)
				InitializePlatformSupportModulesInManaged (10ms)
				SetLoadedEditorAssemblies (1ms)
				RefreshPlugins (1ms)
				BeforeProcessingInitializeOnLoad (120ms)
				ProcessInitializeOnLoadAttributes (433ms)
				ProcessInitializeOnLoadMethodAttributes (23ms)
				AfterProcessingInitializeOnLoad (5ms)
				EditorAssembliesLoaded (0ms)
			ExecutionOrderSort2 (0ms)
			AwakeInstancesAfterBackupRestoration (13ms)
Platform modules already initialized, skipping
========================================================================
Worker process is ready to serve import requests
Launched and connected shader compiler UnityShaderCompiler.exe after 0.14 seconds
Refreshing native plugins compatible for Editor in 0.84 ms, found 2 plugins.
Preloading 0 native plugins for Editor in 0.00 ms.
Unloading 1659 Unused Serialized files (Serialized files now loaded: 0)
System memory in use before: 194.7 MB.
System memory in use after: 194.8 MB.

Unloading 28 unused Assets to reduce memory usage. Loaded Objects now: 2127.
Total: 4.699200 ms (FindLiveObjects: 0.365000 ms CreateObjectMapping: 0.116500 ms MarkObjects: 4.165300 ms  DeleteObjects: 0.051000 ms)

AssetImportParameters requested are different than current active one (requested -> active):
  custom:framework-win-MediaFoundation: 216162199b28c13a410421893ffa2e32 -> 
  custom:video-decoder-ogg-theora: a1e56fd34408186e4bbccfd4996cb3dc -> 
  custom:container-muxer-webm: aa71ff27fc2769a1b78a27578f13a17b -> 
  custom:container-demuxer-webm: 4f35f7cbe854078d1ac9338744f61a02 -> 
  custom:container-demuxer-ogg: 62fdf1f143b41e24485cea50d1cbac27 -> 
  custom:video-encoder-webm-vp8: eb34c28f22e8b96e1ab97ce403110664 -> 
  custom:video-decoder-webm-vp8: 9c59270c3fd7afecdb556c50c9e8de78 -> 
  custom:audio-decoder-ogg-vorbis: bf7c407c2cedff20999df2af8eb42d56 -> 
  custom:audio-encoder-webm-vorbis: bf7c407c2cedff20999df2af8eb42d56 -> 
========================================================================
Received Import Request.
  path: Assets/Assets/Ovni/Material.004.mat
  artifactKey: Guid(09c0015493016cf4cab2f1597710b263) Importer(815301076,1909f56bfc062723c751e8b465ee728b)
Start importing Assets/Assets/Ovni/Material.004.mat using Guid(09c0015493016cf4cab2f1597710b263) Importer(815301076,1909f56bfc062723c751e8b465ee728b)  -> (artifact id: '93d7f31076f7e2b6ea72951ae46d1a50') in 0.449049 seconds 
========================================================================
Received Import Request.
  Time since last request: 0.000349 seconds.
  path: Assets/Assets/Ovni/OvniPinza.fbx
  artifactKey: Guid(32ee533b1f66d5444abefd80b50f528b) Importer(815301076,1909f56bfc062723c751e8b465ee728b)
Start importing Assets/Assets/Ovni/OvniPinza.fbx using Guid(32ee533b1f66d5444abefd80b50f528b) Importer(815301076,1909f56bfc062723c751e8b465ee728b)  -> (artifact id: '932f0a890cf0720a375245d3b215242d') in 0.389099 seconds 
========================================================================
Received Import Request.
  Time since last request: 132.675688 seconds.
  path: Assets/Assets/Ovni/CarcasaOvni.mat
  artifactKey: Guid(bfaab88911b50f94096bb304c371aad6) Importer(815301076,1909f56bfc062723c751e8b465ee728b)
Start importing Assets/Assets/Ovni/CarcasaOvni.mat using Guid(bfaab88911b50f94096bb304c371aad6) Importer(815301076,1909f56bfc062723c751e8b465ee728b)  -> (artifact id: 'd356d2074651b605e56f564742601c64') in 0.079748 seconds 
========================================================================
Received Import Request.
  Time since last request: 27.039256 seconds.
  path: Assets/Assets/Ovni/ParteBajaOvni.mat
  artifactKey: Guid(ce935524b8f1a8e47982bf90eae85504) Importer(815301076,1909f56bfc062723c751e8b465ee728b)
Start importing Assets/Assets/Ovni/ParteBajaOvni.mat using Guid(ce935524b8f1a8e47982bf90eae85504) Importer(815301076,1909f56bfc062723c751e8b465ee728b)  -> (artifact id: '0474492e05f99d2ded7ada5548b39bdc') in 0.023383 seconds 
========================================================================
Received Import Request.
  Time since last request: 17.928719 seconds.
  path: Assets/Assets/Ovni/Luz1.mat
  artifactKey: Guid(33e105d1e310bb64aa461ec7defce59e) Importer(815301076,1909f56bfc062723c751e8b465ee728b)
Start importing Assets/Assets/Ovni/Luz1.mat using Guid(33e105d1e310bb64aa461ec7defce59e) Importer(815301076,1909f56bfc062723c751e8b465ee728b)  -> (artifact id: 'ed12ccae2a324953cdc144c2fb8020fa') in 0.025494 seconds 
========================================================================
Received Import Request.
  Time since last request: 30.035283 seconds.
  path: Assets/Assets/Ovni/Pinza.mat
  artifactKey: Guid(09c0015493016cf4cab2f1597710b263) Importer(815301076,1909f56bfc062723c751e8b465ee728b)
Start importing Assets/Assets/Ovni/Pinza.mat using Guid(09c0015493016cf4cab2f1597710b263) Importer(815301076,1909f56bfc062723c751e8b465ee728b)  -> (artifact id: '0f23307ad8305bafea2a6a8ca1684838') in 0.042546 seconds 
========================================================================
Received Import Request.
  Time since last request: 16.359642 seconds.
  path: Assets/Assets/Ovni/ContornoLuz.mat
  artifactKey: Guid(00d9e02af5e681941bf89f447cf103dd) Importer(815301076,1909f56bfc062723c751e8b465ee728b)
Start importing Assets/Assets/Ovni/ContornoLuz.mat using Guid(00d9e02af5e681941bf89f447cf103dd) Importer(815301076,1909f56bfc062723c751e8b465ee728b)  -> (artifact id: 'd041f85823f923487f3b2d7f6cb52803') in 0.041011 seconds 
========================================================================
Received Import Request.
  Time since last request: 46.583929 seconds.
  path: Assets/Assets/Ovni/Luz2.mat
  artifactKey: Guid(a65d3ee8fca8c364bb8bcc1221ea8eb5) Importer(815301076,1909f56bfc062723c751e8b465ee728b)
Start importing Assets/Assets/Ovni/Luz2.mat using Guid(a65d3ee8fca8c364bb8bcc1221ea8eb5) Importer(815301076,1909f56bfc062723c751e8b465ee728b)  -> (artifact id: 'e98f4c8337e9299e4a0efc064b05a430') in 0.030636 seconds 
========================================================================
Received Import Request.
  Time since last request: 24.259537 seconds.
  path: Assets/Assets/Ovni/ContornoLuz2.mat
  artifactKey: Guid(575e9cd451084cc4b88b7fe8fdaebbc0) Importer(815301076,1909f56bfc062723c751e8b465ee728b)
Start importing Assets/Assets/Ovni/ContornoLuz2.mat using Guid(575e9cd451084cc4b88b7fe8fdaebbc0) Importer(815301076,1909f56bfc062723c751e8b465ee728b)  -> (artifact id: '47e14240d7436145a2999c5a31e902c3') in 0.023238 seconds 
========================================================================
Received Import Request.
  Time since last request: 16.842074 seconds.
  path: Assets/Assets/Ovni/ContornoLuz3.mat
  artifactKey: Guid(71bd3a6842879914ba1a71506e3fbbdc) Importer(815301076,1909f56bfc062723c751e8b465ee728b)
Start importing Assets/Assets/Ovni/ContornoLuz3.mat using Guid(71bd3a6842879914ba1a71506e3fbbdc) Importer(815301076,1909f56bfc062723c751e8b465ee728b)  -> (artifact id: '86052fd5eb8a96fd37eb7c287e924959') in 0.044325 seconds 
========================================================================
Received Import Request.
  Time since last request: 14.539869 seconds.
  path: Assets/Assets/Ovni/Luz3.mat
  artifactKey: Guid(271f8bade171ab14dbca00416a19783f) Importer(815301076,1909f56bfc062723c751e8b465ee728b)
Start importing Assets/Assets/Ovni/Luz3.mat using Guid(271f8bade171ab14dbca00416a19783f) Importer(815301076,1909f56bfc062723c751e8b465ee728b)  -> (artifact id: 'f91dd9df588bef27651be75f9f7344aa') in 0.038900 seconds 
========================================================================
Received Import Request.
  Time since last request: 43.866686 seconds.
  path: Assets/Assets/Ovni/Luz4.mat
  artifactKey: Guid(04532fd19c1a4a6419049b218ff8f7fd) Importer(815301076,1909f56bfc062723c751e8b465ee728b)
Start importing Assets/Assets/Ovni/Luz4.mat using Guid(04532fd19c1a4a6419049b218ff8f7fd) Importer(815301076,1909f56bfc062723c751e8b465ee728b)  -> (artifact id: 'a1ccded4540d0bb4cc621410caa36191') in 0.040216 seconds 
========================================================================
Received Import Request.
  Time since last request: 166.443697 seconds.
  path: Assets/Assets/Ovni/VidrioOvni.mat
  artifactKey: Guid(8ed3a436d2ec9d04494d125eea8a7402) Importer(815301076,1909f56bfc062723c751e8b465ee728b)
Start importing Assets/Assets/Ovni/VidrioOvni.mat using Guid(8ed3a436d2ec9d04494d125eea8a7402) Importer(815301076,1909f56bfc062723c751e8b465ee728b)  -> (artifact id: 'f066442845755c009d696b4a903bcb1a') in 0.052958 seconds 
========================================================================
Received Import Request.
  Time since last request: 38.639629 seconds.
  path: Assets/Assets/Ovni/ContornoLuz.mat
  artifactKey: Guid(00d9e02af5e681941bf89f447cf103dd) Importer(815301076,1909f56bfc062723c751e8b465ee728b)
Start importing Assets/Assets/Ovni/ContornoLuz.mat using Guid(00d9e02af5e681941bf89f447cf103dd) Importer(815301076,1909f56bfc062723c751e8b465ee728b)  -> (artifact id: 'd2078dd2c74bbca151f060899a8c539c') in 0.044628 seconds 
========================================================================
Received Import Request.
  Time since last request: 0.000441 seconds.
  path: Assets/Assets/Ovni/ContornoLuz2.mat
  artifactKey: Guid(575e9cd451084cc4b88b7fe8fdaebbc0) Importer(815301076,1909f56bfc062723c751e8b465ee728b)
Start importing Assets/Assets/Ovni/ContornoLuz2.mat using Guid(575e9cd451084cc4b88b7fe8fdaebbc0) Importer(815301076,1909f56bfc062723c751e8b465ee728b)  -> (artifact id: '2706db38b2c97ea35d38ca15ca3c2f90') in 0.022244 seconds 
========================================================================
Received Import Request.
  Time since last request: 0.000377 seconds.
  path: Assets/Assets/Ovni/Material.009.mat
  artifactKey: Guid(4f64a1a71cf264143850e23c3ad956c5) Importer(815301076,1909f56bfc062723c751e8b465ee728b)
Start importing Assets/Assets/Ovni/Material.009.mat using Guid(4f64a1a71cf264143850e23c3ad956c5) Importer(815301076,1909f56bfc062723c751e8b465ee728b)  -> (artifact id: 'bb5d9357134e8f884aa4ec6d98365b2b') in 0.023567 seconds 
========================================================================
Received Import Request.
  Time since last request: 0.000356 seconds.
  path: Assets/Assets/Ovni/Luz3.mat
  artifactKey: Guid(271f8bade171ab14dbca00416a19783f) Importer(815301076,1909f56bfc062723c751e8b465ee728b)
Start importing Assets/Assets/Ovni/Luz3.mat using Guid(271f8bade171ab14dbca00416a19783f) Importer(815301076,1909f56bfc062723c751e8b465ee728b)  -> (artifact id: '3caccb9dbe94066b37d9c7ca1dba3f88') in 0.024438 seconds 
========================================================================
Received Import Request.
  Time since last request: 0.000658 seconds.
  path: Assets/Assets/Ovni/Luz2.mat
  artifactKey: Guid(a65d3ee8fca8c364bb8bcc1221ea8eb5) Importer(815301076,1909f56bfc062723c751e8b465ee728b)
Start importing Assets/Assets/Ovni/Luz2.mat using Guid(a65d3ee8fca8c364bb8bcc1221ea8eb5) Importer(815301076,1909f56bfc062723c751e8b465ee728b)  -> (artifact id: '3ccbcbe3fa776b59cea19058916d8e0b') in 0.022766 seconds 
========================================================================
Received Import Request.
  Time since last request: 0.000367 seconds.
  path: Assets/Assets/Ovni/ContornoLuz3.mat
  artifactKey: Guid(71bd3a6842879914ba1a71506e3fbbdc) Importer(815301076,1909f56bfc062723c751e8b465ee728b)
Start importing Assets/Assets/Ovni/ContornoLuz3.mat using Guid(71bd3a6842879914ba1a71506e3fbbdc) Importer(815301076,1909f56bfc062723c751e8b465ee728b)  -> (artifact id: 'fab78fa1aab6b7e64a8b57dbf57c764f') in 0.022025 seconds 
========================================================================
Received Import Request.
  Time since last request: 0.000271 seconds.
  path: Assets/Assets/Ovni/Luz1.mat
  artifactKey: Guid(33e105d1e310bb64aa461ec7defce59e) Importer(815301076,1909f56bfc062723c751e8b465ee728b)
Start importing Assets/Assets/Ovni/Luz1.mat using Guid(33e105d1e310bb64aa461ec7defce59e) Importer(815301076,1909f56bfc062723c751e8b465ee728b)  -> (artifact id: 'b733e5576ffabfc6d62f53101b0153a5') in 0.024769 seconds 
========================================================================
Received Import Request.
  Time since last request: 0.000352 seconds.
  path: Assets/Assets/Ovni/Luz4.mat
  artifactKey: Guid(04532fd19c1a4a6419049b218ff8f7fd) Importer(815301076,1909f56bfc062723c751e8b465ee728b)
Start importing Assets/Assets/Ovni/Luz4.mat using Guid(04532fd19c1a4a6419049b218ff8f7fd) Importer(815301076,1909f56bfc062723c751e8b465ee728b)  -> (artifact id: '85fefa3e16673a3098f497c9da4383d6') in 0.024498 seconds 
========================================================================
Received Prepare
Registering precompiled user dll's ...
Registered in 0.006136 seconds.
Begin MonoManager ReloadAssembly
Symbol file LoadedFromMemory doesn't match image C:\Users\alanm\Documents\GitHub\proyectoVaca\Library\PackageCache\com.unity.collab-proxy@1.15.15\Lib\Editor\PlasticSCM\unityplastic.dll
Native extension for WindowsStandalone target not found
Native extension for WebGL target not found
Refreshing native plugins compatible for Editor in 0.89 ms, found 2 plugins.
Preloading 0 native plugins for Editor in 0.00 ms.
Mono: successfully reloaded assembly
- Completed reload, in  1.970 seconds
Domain Reload Profiling:
	ReloadAssembly (1970ms)
		BeginReloadAssembly (212ms)
			ExecutionOrderSort (0ms)
			DisableScriptedObjects (10ms)
			BackupInstance (0ms)
			ReleaseScriptingObjects (0ms)
			CreateAndSetChildDomain (63ms)
		EndReloadAssembly (1628ms)
			LoadAssemblies (186ms)
			RebuildTransferFunctionScriptingTraits (0ms)
			SetupTypeCache (654ms)
			ReleaseScriptCaches (1ms)
			RebuildScriptCaches (84ms)
			SetupLoadedEditorAssemblies (509ms)
				LogAssemblyErrors (0ms)
				InitializePlatformSupportModulesInManaged (9ms)
				SetLoadedEditorAssemblies (1ms)
				RefreshPlugins (1ms)
				BeforeProcessingInitializeOnLoad (103ms)
				ProcessInitializeOnLoadAttributes (371ms)
				ProcessInitializeOnLoadMethodAttributes (17ms)
				AfterProcessingInitializeOnLoad (7ms)
				EditorAssembliesLoaded (0ms)
			ExecutionOrderSort2 (0ms)
			AwakeInstancesAfterBackupRestoration (17ms)
Platform modules already initialized, skipping
Switching build target platform(19) subTarget(0) extendedPlatform(0) -> platform(13) subTarget(537395200) extendedPlatform(0)
Refreshing native plugins compatible for Editor in 1.02 ms, found 2 plugins.
Preloading 0 native plugins for Editor in 0.00 ms.
Unloading 1656 Unused Serialized files (Serialized files now loaded: 0)
System memory in use before: 197.2 MB.
System memory in use after: 197.3 MB.

Unloading 24 unused Assets to reduce memory usage. Loaded Objects now: 2173.
Total: 5.147700 ms (FindLiveObjects: 0.359600 ms CreateObjectMapping: 0.126600 ms MarkObjects: 4.621100 ms  DeleteObjects: 0.038600 ms)

AssetImportParameters requested are different than current active one (requested -> active):
  custom:framework-win-MediaFoundation: 216162199b28c13a410421893ffa2e32 -> 
  custom:video-decoder-ogg-theora: a1e56fd34408186e4bbccfd4996cb3dc -> 
  custom:container-muxer-webm: aa71ff27fc2769a1b78a27578f13a17b -> 
  custom:container-demuxer-webm: 4f35f7cbe854078d1ac9338744f61a02 -> 
  custom:container-demuxer-ogg: 62fdf1f143b41e24485cea50d1cbac27 -> 
  custom:video-encoder-webm-vp8: eb34c28f22e8b96e1ab97ce403110664 -> 
  custom:video-decoder-webm-vp8: 9c59270c3fd7afecdb556c50c9e8de78 -> 
  custom:graphics/normal-map-encoding: 01000000000000000000000000000000 -> 02000000000000000000000000000000
  custom:audio-decoder-ogg-vorbis: bf7c407c2cedff20999df2af8eb42d56 -> 
  custom:audio-encoder-webm-vorbis: bf7c407c2cedff20999df2af8eb42d56 -> 
AssetImportWorkerClient::OnTransportError - code=2 error=End of file
